<?xml version="1.0" encoding="UTF-8"?>
<!-- Generated by org.testng.reporters.JUnitReportReporter -->
<testsuite hostname="Arasan" failures="0" tests="4" name="com.testng.ParaTestNg" time="9.187" errors="0" timestamp="30 Nov 2023 05:33:52 GMT" skipped="0">
  <testcase classname="com.testng.ParaTestNg" name="tc1" time="7.113"/>
  <testcase classname="com.testng.ParaTestNg" name="tc2" time="0.518"/>
  <testcase classname="com.testng.ParaTestNg" name="tc4" time="1.298"/>
  <testcase classname="com.testng.ParaTestNg" name="tc3" time="0.258"/>
</testsuite> <!-- com.testng.ParaTestNg -->
